2025-07-05 09:22:32,457 - INFO - Registered hotkey 'ctrl+d' (hash=0x3)
2025-07-05 09:22:32,465 - INFO - Registered hotkey 'esc' (hash=0x4)
2025-07-05 09:22:32,466 - INFO - Registered hotkey 'ctrl+i' (hash=0x9)
2025-07-05 09:22:32,467 - INFO - Registered hotkey 'ctrl+g' (hash=0x11)
2025-07-05 09:22:32,468 - INFO - Registered hotkey 'ctrl+c' (hash=0x21)
2025-07-05 09:22:45,190 - INFO - Hotkey triggered: hash=0x3
2025-07-05 09:22:58,093 - INFO - Hotkey triggered: hash=0x11
2025-07-05 09:23:00,658 - INFO - Hotkey triggered: hash=0x21
2025-07-05 09:25:46,595 - INFO - Registered hotkey 'ctrl+d' (hash=0x3)
2025-07-05 09:25:46,596 - INFO - Registered hotkey 'ctrl+i' (hash=0x5)
2025-07-05 09:25:46,597 - INFO - Registered hotkey 'esc' (hash=0x8)
2025-07-05 09:26:00,207 - INFO - Hotkey triggered: hash=0x3
2025-07-05 09:26:13,596 - INFO - Hotkey triggered: hash=0x5
2025-07-05 09:26:16,522 - INFO - Hotkey triggered: hash=0x8
2025-07-05 09:27:56,123 - INFO - Registered hotkey 'ctrl+d' (hash=0x3)
2025-07-05 09:27:56,130 - INFO - Registered hotkey 'esc' (hash=0x4)
2025-07-05 09:27:56,131 - INFO - Registered hotkey 'ctrl+i' (hash=0x9)
2025-07-05 09:27:56,132 - INFO - Registered hotkey 'ctrl+g' (hash=0x11)
2025-07-05 09:27:56,132 - INFO - Registered hotkey 'ctrl+c' (hash=0x21)
2025-07-05 09:28:06,101 - INFO - Hotkey triggered: hash=0x3
2025-07-05 09:28:17,360 - INFO - Hotkey triggered: hash=0x9
2025-07-05 09:28:29,167 - INFO - Hotkey triggered: hash=0x11
2025-07-05 09:29:06,042 - INFO - Hotkey triggered: hash=0x21
2025-07-05 09:29:31,708 - INFO - Hotkey triggered: hash=0x11
2025-07-05 09:29:35,644 - INFO - Hotkey triggered: hash=0x21
2025-07-05 09:29:48,334 - INFO - Hotkey triggered: hash=0x4
2025-07-06 15:40:25,251 - INFO - Registered hotkey 'ctrl+d' (hash=0x3)
2025-07-06 15:40:25,259 - INFO - Registered hotkey 'ctrl+i' (hash=0x5)
2025-07-06 15:40:25,259 - INFO - Registered hotkey 'esc' (hash=0x8)
2025-07-06 15:40:26,972 - INFO - Hotkey triggered: hash=0x8
